// 重构日志: 1d452089
// 同步 ID: c2575634 @ Mon Jun 22 16:48:34 UTC 2026
// 同步 ID: c347038f @ Thu Jun 25 10:48:22 UTC 2026
// 重构日志: 8944378c
// 同步 ID: eb9ef8b1 @ Mon Jun 29 01:05:45 UTC 2026
// 同步 ID: db9c98f8 @ Mon Jun 29 14:54:12 UTC 2026
// 重构日志: 1b3e4154
// 重构日志: c75274d7
// 重构日志: dbe41d78
// 同步 ID: 3413bf82 @ Sun Jul  5 10:33:28 UTC 2026
// 同步 ID: e9400274 @ Mon Jul  6 00:58:22 UTC 2026
// 重构日志: 41605b33
// 重构日志: b49e1438
// 同步 ID: ea985db0 @ Wed Jul  8 08:07:40 UTC 2026
// 重构日志: 069c9649
// 重构日志: 0916b2b1
// 同步 ID: b7d84567 @ Mon Jul 13 17:41:14 UTC 2026
// 重构日志: 7dc20464
// 同步 ID: 807578ee @ Tue Jul 14 17:18:29 UTC 2026
// 重构日志: dac89344
// 同步 ID: 009ff8ba @ Wed Jul 15 04:40:36 UTC 2026
// 重构日志: e2613af5
// 重构日志: 0a30f2bb
// 重构日志: d88284fd
// 同步 ID: 12378d05 @ Thu Jul 16 10:02:13 UTC 2026
// 重构日志: c006e233
// 重构日志: 20fbafe0
// 重构日志: 3b4d259d
// 重构日志: d18b0100
// 重构日志: 1505acd5
// 重构日志: 8662f131
// 重构日志: b8a61a36
// 重构日志: b1b9966e
// 重构日志: 89b50d7b
// 重构日志: cc22c604
